<?xml version="1.0" encoding="UTF-8"?>
<testsuite name="org.example.FactorMeBabyTest" tests="12" skipped="0" failures="0" errors="0" timestamp="2025-02-02T19:17:30" hostname="yeah-laptop" time="0.069">
  <properties/>
  <testcase name="factorsOf798()" classname="org.example.FactorMeBabyTest" time="0.034"/>
  <testcase name="factorsOf11()" classname="org.example.FactorMeBabyTest" time="0.002"/>
  <testcase name="factorsOf1240()" classname="org.example.FactorMeBabyTest" time="0.002"/>
  <testcase name="factorsOf2175()" classname="org.example.FactorMeBabyTest" time="0.002"/>
  <testcase name="factorsOf3982()" classname="org.example.FactorMeBabyTest" time="0.002"/>
  <testcase name="factorsOf8394()" classname="org.example.FactorMeBabyTest" time="0.002"/>
  <testcase name="factorsOf0()" classname="org.example.FactorMeBabyTest" time="0.002"/>
  <testcase name="factorsOf1()" classname="org.example.FactorMeBabyTest" time="0.001"/>
  <testcase name="factorsOf2()" classname="org.example.FactorMeBabyTest" time="0.001"/>
  <testcase name="factorsOf3()" classname="org.example.FactorMeBabyTest" time="0.001"/>
  <testcase name="factorsOf5()" classname="org.example.FactorMeBabyTest" time="0.001"/>
  <testcase name="factorsOf7()" classname="org.example.FactorMeBabyTest" time="0.001"/>
  <system-out><![CDATA[]]></system-out>
  <system-err><![CDATA[]]></system-err>
</testsuite>
